c:\users\张理官\desktop\实习项目\奥比中光\xgboost工具\xgboost工具\x64\debug\qrc_xgboost.obj
c:\users\张理官\desktop\实习项目\奥比中光\xgboost工具\xgboost工具\x64\debug\moc_xgboost.obj
c:\users\张理官\desktop\实习项目\奥比中光\xgboost工具\xgboost工具\x64\debug\vc142.pdb
c:\users\张理官\desktop\实习项目\奥比中光\xgboost工具\xgboost工具\x64\debug\main.obj
c:\users\张理官\desktop\实习项目\奥比中光\xgboost工具\xgboost工具\x64\debug\xgboost.obj
c:\users\张理官\desktop\实习项目\奥比中光\xgboost工具\x64\debug\xgboost工具.exe
c:\users\张理官\desktop\实习项目\奥比中光\xgboost工具\x64\debug\xgboost工具.ilk
c:\users\张理官\desktop\实习项目\奥比中光\xgboost工具\x64\debug\xgboost工具.pdb
c:\users\张理官\desktop\实习项目\奥比中光\xgboost工具\xgboost工具\x64\debug\moc\moc_xgboost.cpp
c:\users\张理官\desktop\实习项目\奥比中光\xgboost工具\xgboost工具\x64\debug\rcc\qrc_xgboost.cpp
c:\users\张理官\desktop\实习项目\奥比中光\xgboost工具\xgboost工具\x64\debug\uic\ui_xgboost.h
c:\users\张理官\desktop\实习项目\奥比中光\xgboost工具\xgboost工具\x64\debug\xgboost工具.tlog\cl.command.1.tlog
c:\users\张理官\desktop\实习项目\奥比中光\xgboost工具\xgboost工具\x64\debug\xgboost工具.tlog\cl.read.1.tlog
c:\users\张理官\desktop\实习项目\奥比中光\xgboost工具\xgboost工具\x64\debug\xgboost工具.tlog\cl.write.1.tlog
c:\users\张理官\desktop\实习项目\奥比中光\xgboost工具\xgboost工具\x64\debug\xgboost工具.tlog\link.command.1.tlog
c:\users\张理官\desktop\实习项目\奥比中光\xgboost工具\xgboost工具\x64\debug\xgboost工具.tlog\link.read.1.tlog
c:\users\张理官\desktop\实习项目\奥比中光\xgboost工具\xgboost工具\x64\debug\xgboost工具.tlog\link.write.1.tlog
c:\users\张理官\desktop\实习项目\奥比中光\xgboost工具\xgboost工具\x64\debug\xgboost工具.tlog\moc.read.1u.tlog
c:\users\张理官\desktop\实习项目\奥比中光\xgboost工具\xgboost工具\x64\debug\xgboost工具.tlog\moc.write.1u.tlog
c:\users\张理官\desktop\实习项目\奥比中光\xgboost工具\xgboost工具\x64\debug\xgboost工具.tlog\rcc.read.1u.tlog
c:\users\张理官\desktop\实习项目\奥比中光\xgboost工具\xgboost工具\x64\debug\xgboost工具.tlog\rcc.write.1u.tlog
c:\users\张理官\desktop\实习项目\奥比中光\xgboost工具\xgboost工具\x64\debug\xgboost工具.tlog\uic.read.1u.tlog
c:\users\张理官\desktop\实习项目\奥比中光\xgboost工具\xgboost工具\x64\debug\xgboost工具.tlog\uic.write.1u.tlog
c:\users\张理官\desktop\实习项目\奥比中光\xgboost工具\xgboost工具\x64\debug\xgboost工具.tlog\xgboost工具.write.1u.tlog
